<?xml version="1.0" encoding="UTF-8"?>
<!-- Generated by org.testng.reporters.JUnitReportReporter -->
<testsuite hostname="VNDEV21" name="com.nopcommerce.payment.Level_03_Page_Object_Pattern" tests="5" failures="0" timestamp="12 Mar 2020 08:41:25 GMT" time="12.387" errors="0">
  <testcase name="TC_01_Register" time="7.103" classname="com.nopcommerce.payment.Level_03_Page_Object_Pattern"/>
  <testcase name="TC_02_LoginWithEmailAndPasswordEmpty" time="1.959" classname="com.nopcommerce.payment.Level_03_Page_Object_Pattern"/>
  <testcase name="TC_04_LoginWithWrongEmailFormat" time="0.686" classname="com.nopcommerce.payment.Level_03_Page_Object_Pattern"/>
  <testcase name="TC_03_LoginWithEmailEmpty" time="0.702" classname="com.nopcommerce.payment.Level_03_Page_Object_Pattern"/>
  <testcase name="TC_05_LoginWithValidEmailAndPassword" time="1.937" classname="com.nopcommerce.payment.Level_03_Page_Object_Pattern"/>
</testsuite> <!-- com.nopcommerce.payment.Level_03_Page_Object_Pattern -->
