<?xml version="1.0" encoding="UTF-8"?>
<!-- Generated by org.testng.reporters.JUnitReportReporter -->
<testsuite hostname="VNDEV21" name="com.nopcommerce.payment.Level_01_Step_By_Step" tests="2" failures="0" timestamp="11 Mar 2020 06:52:06 GMT" time="17.926" errors="0">
  <testcase name="TC_01_Register" time="12.265" classname="com.nopcommerce.payment.Level_01_Step_By_Step"/>
  <testcase name="TC_02_Login" time="5.661" classname="com.nopcommerce.payment.Level_01_Step_By_Step"/>
</testsuite> <!-- com.nopcommerce.payment.Level_01_Step_By_Step -->
