<?xml version="1.0" encoding="UTF-8"?>
<!-- Generated by org.testng.reporters.JUnitReportReporter -->
<testsuite hostname="VNDEV21" name="com.nopcommerce.payment.Level_03_Page_Object_Pattern_01" tests="4" failures="0" timestamp="11 Mar 2020 08:08:28 GMT" time="11.768" errors="0">
  <testcase name="TC_05_LoginWithValidEmailAndPassword" time="1.527" classname="com.nopcommerce.payment.Level_03_Page_Object_Pattern_01"/>
  <testcase name="TC_01_Register" time="7.724" classname="com.nopcommerce.payment.Level_03_Page_Object_Pattern_01"/>
  <testcase name="TC_03_LoginWithEmailEmpty" time="0.613" classname="com.nopcommerce.payment.Level_03_Page_Object_Pattern_01"/>
  <testcase name="TC_02_LoginWithEmailAndPasswordEmpty" time="1.904" classname="com.nopcommerce.payment.Level_03_Page_Object_Pattern_01"/>
</testsuite> <!-- com.nopcommerce.payment.Level_03_Page_Object_Pattern_01 -->
