<?xml version="1.0" encoding="UTF-8"?>
<!-- Generated by org.testng.reporters.JUnitReportReporter -->
<testsuite hostname="VNDEV21" name="com.nopcommerce.payment.Level_02_AbstractPage_01" tests="2" failures="0" timestamp="10 Mar 2020 08:57:27 GMT" time="9.861" errors="0">
  <testcase name="TC_01_Register" time="7.381" classname="com.nopcommerce.payment.Level_02_AbstractPage_01"/>
  <testcase name="TC_02_Login" time="2.480" classname="com.nopcommerce.payment.Level_02_AbstractPage_01"/>
</testsuite> <!-- com.nopcommerce.payment.Level_02_AbstractPage_01 -->
