<?xml version="1.0" encoding="UTF-8"?>
<!-- Generated by org.testng.reporters.JUnitReportReporter -->
<testsuite hostname="DESKTOP-2G9S8JA" name="com.nopcommerce.payment.Level_03_Page_Object_Pattern" tests="5" failures="0" timestamp="14 Mar 2020 08:24:14 GMT" time="9.774" errors="0">
  <testcase name="TC_02_LoginWithEmailAndPasswordEmpty" time="1.638" classname="com.nopcommerce.payment.Level_03_Page_Object_Pattern"/>
  <testcase name="TC_05_LoginWithValidEmailAndPassword" time="1.926" classname="com.nopcommerce.payment.Level_03_Page_Object_Pattern"/>
  <testcase name="TC_01_Register" time="5.408" classname="com.nopcommerce.payment.Level_03_Page_Object_Pattern"/>
  <testcase name="TC_04_LoginWithWrongEmailFormat" time="0.402" classname="com.nopcommerce.payment.Level_03_Page_Object_Pattern"/>
  <testcase name="TC_03_LoginWithEmailEmpty" time="0.400" classname="com.nopcommerce.payment.Level_03_Page_Object_Pattern"/>
</testsuite> <!-- com.nopcommerce.payment.Level_03_Page_Object_Pattern -->
