<?xml version="1.0" encoding="UTF-8"?>
<!-- Generated by org.testng.reporters.JUnitReportReporter -->
<testsuite hostname="VNDEV21" name="com.nopcommerce.payment.Level_04_Selenium_Page_Factory" tests="5" failures="0" timestamp="12 Mar 2020 08:41:25 GMT" time="12.501" errors="0">
  <testcase name="TC_05_LoginWithValidEmailAndPassword" time="2.091" classname="com.nopcommerce.payment.Level_04_Selenium_Page_Factory"/>
  <testcase name="TC_03_LoginWithEmailEmpty" time="0.648" classname="com.nopcommerce.payment.Level_04_Selenium_Page_Factory"/>
  <testcase name="TC_02_LoginWithEmailAndPasswordEmpty" time="2.059" classname="com.nopcommerce.payment.Level_04_Selenium_Page_Factory"/>
  <testcase name="TC_01_Register" time="7.017" classname="com.nopcommerce.payment.Level_04_Selenium_Page_Factory"/>
  <testcase name="TC_04_LoginWithWrongEmailFormat" time="0.686" classname="com.nopcommerce.payment.Level_04_Selenium_Page_Factory"/>
</testsuite> <!-- com.nopcommerce.payment.Level_04_Selenium_Page_Factory -->
