<?xml version="1.0" encoding="UTF-8"?>
<!-- Generated by org.testng.reporters.JUnitReportReporter -->
<testsuite hostname="VNDEV21" name="com.nopcommerce.payment.Level_05_Page_Generator_Manager" tests="5" failures="0" timestamp="19 Mar 2020 06:56:15 GMT" time="9.157" errors="0">
  <testcase name="TC_01_Register" time="5.363" classname="com.nopcommerce.payment.Level_05_Page_Generator_Manager"/>
  <testcase name="TC_03_LoginWithEmailEmpty" time="0.420" classname="com.nopcommerce.payment.Level_05_Page_Generator_Manager"/>
  <testcase name="TC_02_LoginWithEmailAndPasswordEmpty" time="1.814" classname="com.nopcommerce.payment.Level_05_Page_Generator_Manager"/>
  <testcase name="TC_05_LoginWithValidEmailAndPassword" time="1.112" classname="com.nopcommerce.payment.Level_05_Page_Generator_Manager"/>
  <testcase name="TC_04_LoginWithWrongEmailFormat" time="0.448" classname="com.nopcommerce.payment.Level_05_Page_Generator_Manager"/>
</testsuite> <!-- com.nopcommerce.payment.Level_05_Page_Generator_Manager -->
