<?xml version="1.0" encoding="UTF-8"?>
<!-- Generated by org.testng.reporters.JUnitReportReporter -->
<testsuite hostname="VNDEV21" name="com.nopcommerce.payment.Level_01_Step_By_Step" tests="2" failures="0" timestamp="9 Mar 2020 09:05:13 GMT" time="9.612" errors="0">
  <testcase name="TC_01_Register" time="6.613" classname="com.nopcommerce.payment.Level_01_Step_By_Step"/>
  <testcase name="TC_02_Login" time="2.999" classname="com.nopcommerce.payment.Level_01_Step_By_Step"/>
</testsuite> <!-- com.nopcommerce.payment.Level_01_Step_By_Step -->
