<?xml version="1.0" encoding="UTF-8"?>
<!-- Generated by org.testng.reporters.JUnitReportReporter -->
<testsuite hostname="DESKTOP-2G9S8JA" name="com.nopcommerce.payment.Level_05_Page_Generator_Manager" tests="5" failures="0" timestamp="14 Mar 2020 09:07:24 GMT" time="9.680" errors="0">
  <testcase name="TC_02_LoginWithEmailAndPasswordEmpty" time="0.939" classname="com.nopcommerce.payment.Level_05_Page_Generator_Manager"/>
  <testcase name="TC_05_LoginWithValidEmailAndPassword" time="1.900" classname="com.nopcommerce.payment.Level_05_Page_Generator_Manager"/>
  <testcase name="TC_04_LoginWithWrongEmailFormat" time="0.403" classname="com.nopcommerce.payment.Level_05_Page_Generator_Manager"/>
  <testcase name="TC_01_Register" time="6.060" classname="com.nopcommerce.payment.Level_05_Page_Generator_Manager"/>
  <testcase name="TC_03_LoginWithEmailEmpty" time="0.378" classname="com.nopcommerce.payment.Level_05_Page_Generator_Manager"/>
</testsuite> <!-- com.nopcommerce.payment.Level_05_Page_Generator_Manager -->
