<?xml version="1.0" encoding="UTF-8"?>
<!-- Generated by org.testng.reporters.JUnitReportReporter -->
<testsuite hostname="DESKTOP-2G9S8JA" name="com.nopcommerce.payment.Level_03_Page_Object_Pattern" tests="5" failures="0" timestamp="14 Mar 2020 09:07:24 GMT" time="10.182" errors="0">
  <testcase name="TC_05_LoginWithValidEmailAndPassword" time="1.242" classname="com.nopcommerce.payment.Level_03_Page_Object_Pattern"/>
  <testcase name="TC_03_LoginWithEmailEmpty" time="0.399" classname="com.nopcommerce.payment.Level_03_Page_Object_Pattern"/>
  <testcase name="TC_01_Register" time="6.503" classname="com.nopcommerce.payment.Level_03_Page_Object_Pattern"/>
  <testcase name="TC_04_LoginWithWrongEmailFormat" time="0.389" classname="com.nopcommerce.payment.Level_03_Page_Object_Pattern"/>
  <testcase name="TC_02_LoginWithEmailAndPasswordEmpty" time="1.649" classname="com.nopcommerce.payment.Level_03_Page_Object_Pattern"/>
</testsuite> <!-- com.nopcommerce.payment.Level_03_Page_Object_Pattern -->
